TN:
SF:src/PieceQuantityControl.js
FN:5,(anonymous_0)
FN:9,(anonymous_1)
FN:58,(anonymous_2)
FN:65,(anonymous_3)
FN:69,(anonymous_4)
FN:73,(anonymous_5)
FN:77,(anonymous_6)
FN:81,(anonymous_7)
FN:85,(anonymous_8)
FN:89,(anonymous_9)
FN:93,(anonymous_10)
FN:97,(anonymous_11)
FN:101,(anonymous_12)
FN:105,(anonymous_13)
FN:109,(anonymous_14)
FN:115,(anonymous_15)
FN:120,(anonymous_16)
FN:131,(anonymous_17)
FN:135,(anonymous_18)
FN:141,(anonymous_19)
FN:151,(anonymous_20)
FN:162,(anonymous_21)
FN:180,(anonymous_22)
FNF:23
FNH:23
FNDA:1,(anonymous_0)
FNDA:25,(anonymous_1)
FNDA:25,(anonymous_2)
FNDA:25,(anonymous_3)
FNDA:115,(anonymous_4)
FNDA:244,(anonymous_5)
FNDA:143,(anonymous_6)
FNDA:50,(anonymous_7)
FNDA:72,(anonymous_8)
FNDA:140,(anonymous_9)
FNDA:146,(anonymous_10)
FNDA:18,(anonymous_11)
FNDA:82,(anonymous_12)
FNDA:36,(anonymous_13)
FNDA:16,(anonymous_14)
FNDA:140,(anonymous_15)
FNDA:16,(anonymous_16)
FNDA:9,(anonymous_17)
FNDA:16,(anonymous_18)
FNDA:36,(anonymous_19)
FNDA:35,(anonymous_20)
FNDA:33,(anonymous_21)
FNDA:33,(anonymous_22)
DA:2,1
DA:6,1
DA:10,25
DA:11,25
DA:12,25
DA:14,25
DA:16,25
DA:59,25
DA:60,25
DA:61,25
DA:62,25
DA:66,25
DA:70,115
DA:74,244
DA:78,143
DA:82,50
DA:86,72
DA:90,140
DA:94,146
DA:98,18
DA:102,82
DA:106,36
DA:109,25
DA:110,16
DA:111,16
DA:112,16
DA:116,140
DA:117,140
DA:121,16
DA:122,16
DA:123,16
DA:125,16
DA:126,12
DA:127,33
DA:128,33
DA:130,4
DA:131,9
DA:136,16
DA:142,36
DA:143,36
DA:144,1
DA:147,35
DA:150,35
DA:151,35
DA:154,35
DA:155,1
DA:161,34
DA:162,33
DA:165,34
DA:166,1
DA:171,33
DA:172,33
DA:173,33
DA:175,33
DA:177,33
DA:181,33
DA:182,33
DA:183,33
DA:184,33
DA:185,33
DA:187,33
DA:188,33
DA:190,33
DA:191,33
DA:193,33
DA:194,33
DA:196,33
DA:203,1
DA:204,1
LF:69
LH:69
BRDA:86,0,0,72
BRDA:86,0,1,0
BRDA:90,1,0,140
BRDA:90,1,1,20
BRDA:94,2,0,146
BRDA:94,2,1,116
BRDA:94,3,0,146
BRDA:94,3,1,9
BRDA:98,4,0,18
BRDA:98,4,1,2
BRDA:102,5,0,82
BRDA:102,5,1,6
BRDA:102,5,2,3
BRDA:110,6,0,16
BRDA:110,6,1,1
BRDA:110,7,0,16
BRDA:110,7,1,0
BRDA:125,8,0,12
BRDA:125,8,1,4
BRDA:130,9,0,4
BRDA:130,9,1,0
BRDA:143,10,0,1
BRDA:143,10,1,35
BRDA:154,11,0,1
BRDA:154,11,1,34
BRDA:165,12,0,1
BRDA:165,12,1,33
BRDA:193,13,0,33
BRDA:193,13,1,32
BRDA:198,14,0,1
BRDA:198,14,1,32
BRDA:203,15,0,1
BRDA:203,15,1,0
BRF:33
BRH:29
end_of_record
